<?xml version="1.0" encoding="UTF-8"?>
<!-- Generated by org.testng.reporters.JUnitReportReporter -->
<testsuite skipped="0" hostname="SATHEZ-PC" name="testcase_4.Testcase_4" tests="1" failures="0" timestamp="09 Jul 2020 13:00:15 GMT" time="43.800" errors="0">
  <testcase name="CreateProfile" time="43.800" classname="testcase_4.Testcase_4"/>
</testsuite> <!-- testcase_4.Testcase_4 -->
